<?xml version="1.0" encoding="UTF-8"?>
<testng-results skipped="1" failed="0" ignored="0" total="4" passed="3">
  <reporter-output>
  </reporter-output>
  <suite name="Default suite" duration-ms="8867" started-at="2019-11-20T13:22:10Z" finished-at="2019-11-20T13:22:19Z">
    <groups>
    </groups>
    <test name="Default test" duration-ms="8867" started-at="2019-11-20T13:22:10Z" finished-at="2019-11-20T13:22:19Z">
      <class name="test.GoogleSearch_TestNG">
        <test-method status="PASS" signature="setUpTest()[pri:0, instance:test.GoogleSearch_TestNG@76505305]" name="setUpTest" is-config="true" duration-ms="2659" started-at="2019-11-20T13:22:10Z" finished-at="2019-11-20T13:22:13Z">
          <reporter-output>
          </reporter-output>
        </test-method> <!-- setUpTest -->
        <test-method status="PASS" signature="googleSearch()[pri:0, instance:test.GoogleSearch_TestNG@76505305]" name="googleSearch" duration-ms="3520" started-at="2019-11-20T13:22:13Z" finished-at="2019-11-20T13:22:16Z">
          <reporter-output>
          </reporter-output>
        </test-method> <!-- googleSearch -->
        <test-method status="PASS" signature="testRetry1()[pri:0, instance:test.GoogleSearch_TestNG@76505305]" name="testRetry1" duration-ms="0" started-at="2019-11-20T13:22:16Z" finished-at="2019-11-20T13:22:16Z">
          <reporter-output>
          </reporter-output>
        </test-method> <!-- testRetry1 -->
        <test-method status="SKIP" signature="testRetry2()[pri:0, instance:test.GoogleSearch_TestNG@76505305]" name="testRetry2" duration-ms="2" started-at="2019-11-20T13:22:16Z" finished-at="2019-11-20T13:22:16Z">
          <exception class="java.lang.AssertionError">
            <message>
              <![CDATA[expected [true] but found [false]]]>
            </message>
            <full-stacktrace>
              <![CDATA[java.lang.AssertionError: expected [true] but found [false]
at org.testng.Assert.fail(Assert.java:96)
at org.testng.Assert.failNotEquals(Assert.java:776)
at org.testng.Assert.assertTrue(Assert.java:44)
at org.testng.Assert.assertTrue(Assert.java:54)
at test.GoogleSearch_TestNG.testRetry2(GoogleSearch_TestNG.java:55)
at sun.reflect.NativeMethodAccessorImpl.invoke0(Native Method)
at sun.reflect.NativeMethodAccessorImpl.invoke(Unknown Source)
at sun.reflect.DelegatingMethodAccessorImpl.invoke(Unknown Source)
at java.lang.reflect.Method.invoke(Unknown Source)
at org.testng.internal.MethodInvocationHelper.invokeMethod(MethodInvocationHelper.java:124)
at org.testng.internal.Invoker.invokeMethod(Invoker.java:583)
at org.testng.internal.Invoker.invokeTestMethod(Invoker.java:719)
at org.testng.internal.Invoker.invokeTestMethods(Invoker.java:989)
at org.testng.internal.TestMethodWorker.invokeTestMethods(TestMethodWorker.java:125)
at org.testng.internal.TestMethodWorker.run(TestMethodWorker.java:109)
at org.testng.TestRunner.privateRun(TestRunner.java:648)
at org.testng.TestRunner.run(TestRunner.java:505)
at org.testng.SuiteRunner.runTest(SuiteRunner.java:455)
at org.testng.SuiteRunner.runSequentially(SuiteRunner.java:450)
at org.testng.SuiteRunner.privateRun(SuiteRunner.java:415)
at org.testng.SuiteRunner.run(SuiteRunner.java:364)
at org.testng.SuiteRunnerWorker.runSuite(SuiteRunnerWorker.java:52)
at org.testng.SuiteRunnerWorker.run(SuiteRunnerWorker.java:84)
at org.testng.TestNG.runSuitesSequentially(TestNG.java:1208)
at org.testng.TestNG.runSuitesLocally(TestNG.java:1137)
at org.testng.TestNG.runSuites(TestNG.java:1049)
at org.testng.TestNG.run(TestNG.java:1017)
at org.testng.remote.AbstractRemoteTestNG.run(AbstractRemoteTestNG.java:132)
at org.testng.remote.RemoteTestNG.initAndRun(RemoteTestNG.java:236)
at org.testng.remote.RemoteTestNG.main(RemoteTestNG.java:81)
]]>
            </full-stacktrace>
          </exception> <!-- java.lang.AssertionError -->
          <reporter-output>
          </reporter-output>
        </test-method> <!-- testRetry2 -->
        <test-method status="PASS" signature="testRetry2()[pri:0, instance:test.GoogleSearch_TestNG@76505305]" name="testRetry2" duration-ms="1" started-at="2019-11-20T13:22:16Z" finished-at="2019-11-20T13:22:16Z">
          <reporter-output>
          </reporter-output>
        </test-method> <!-- testRetry2 -->
        <test-method status="PASS" signature="tearDownTest()[pri:0, instance:test.GoogleSearch_TestNG@76505305]" name="tearDownTest" is-config="true" duration-ms="2670" started-at="2019-11-20T13:22:16Z" finished-at="2019-11-20T13:22:19Z">
          <reporter-output>
          </reporter-output>
        </test-method> <!-- tearDownTest -->
      </class> <!-- test.GoogleSearch_TestNG -->
    </test> <!-- Default test -->
  </suite> <!-- Default suite -->
</testng-results>
