<?xml version="1.0" encoding="UTF-8"?>
<!-- Generated by org.testng.reporters.JUnitXMLReporter -->
<testsuite hostname="basandan-WX-1" ignored="0" name="Test1" tests="4" failures="1" timestamp="20 Nov 2019 18:08:46 GMT" time="8.66" errors="0">
  <testcase name="@AfterMethod afterMethod" time="0.276" classname="test.GoogleSearch_TestNG">
    <failure type="net.rcarz.jiraclient.JiraException" message="Project &amp;apos;TestProject&amp;apos;  or issue type &amp;apos;Bug&amp;apos; missing from create metadata. Do you have enough permissions?">
      <![CDATA[net.rcarz.jiraclient.JiraException: Project 'TestProject'  or issue type 'Bug' missing from create metadata. Do you have enough permissions?
at net.rcarz.jiraclient.Issue.getCreateMetadata(Issue.java:475)
at net.rcarz.jiraclient.Issue.create(Issue.java:670)
at net.rcarz.jiraclient.JiraClient.createIssue(JiraClient.java:77)
at test.GoogleSearch_TestNG.afterMethod(GoogleSearch_TestNG.java:79)
... Removed 28 stack frames]]>
    </failure>
  </testcase> <!-- @AfterMethod afterMethod -->
  <testcase name="@AfterMethod afterMethod" time="0.0" classname="test.GoogleSearch_TestNG">
    <skipped/>
  </testcase> <!-- @AfterMethod afterMethod -->
  <testcase name="@AfterTest tearDownTest" time="0.0" classname="test.GoogleSearch_TestNG">
    <skipped/>
  </testcase> <!-- @AfterTest tearDownTest -->
  <testcase name="DivideByZero" time="0.0" classname="test.GoogleSearch_TestNG"/>
  <testcase name="googleSearch" time="5.19" classname="test.GoogleSearch_TestNG"/>
  <testcase name="newGoogleSearch" time="0.404" classname="test.GoogleSearch_TestNG">
    <failure type="java.lang.AssertionError" message="expected [Google] but found [Expected title]">
      <![CDATA[java.lang.AssertionError: expected [Google] but found [Expected title]
at test.GoogleSearch_TestNG.newGoogleSearch(GoogleSearch_TestNG.java:68)
... Removed 31 stack frames]]>
    </failure>
  </testcase> <!-- newGoogleSearch -->
  <testcase name="testRetry2" time="0.0" classname="test.GoogleSearch_TestNG">
    <skipped/>
  </testcase> <!-- testRetry2 -->
</testsuite> <!-- Test1 -->
