<?xml version="1.0" encoding="UTF-8"?>
<!-- Generated by org.testng.reporters.JUnitXMLReporter -->
<testsuite hostname="basandan-WX-1" ignored="1" name="Default test(failed)" tests="2" failures="2" timestamp="20 Nov 2019 13:07:05 GMT" time="3.274" errors="0">
  <testcase name="testRetry1" time="0.003" classname="test.GoogleSearch_TestNG">
    <failure type="java.lang.ArithmeticException" message="/ by zero">
      <![CDATA[java.lang.ArithmeticException: / by zero
at test.GoogleSearch_TestNG.testRetry1(GoogleSearch_TestNG.java:48)
... Removed 25 stack frames]]>
    </failure>
  </testcase> <!-- testRetry1 -->
  <testcase name="testRetry2" time="0.001" classname="test.GoogleSearch_TestNG">
    <failure type="java.lang.AssertionError" message="expected [true] but found [false]">
      <![CDATA[java.lang.AssertionError: expected [true] but found [false]
at test.GoogleSearch_TestNG.testRetry2(GoogleSearch_TestNG.java:54)
... Removed 29 stack frames]]>
    </failure>
  </testcase> <!-- testRetry2 -->
  <testcase name="googleSearch" time="0.0" classname="test.GoogleSearch_TestNG">
    <ignored/>
  </testcase> <!-- googleSearch -->
</testsuite> <!-- Default test(failed) -->
